<?xml version="1.0" encoding="UTF-8"?>
<!-- Generated by org.testng.reporters.JUnitReportReporter -->
<testsuite hostname="HP" failures="0" tests="1" name="methods.c1" time="0.005" errors="0" timestamp="2024-07-10T18:23:17 IST" skipped="0">
  <testcase classname="methods.c1" name="test1" time="0.005"/>
</testsuite> <!-- methods.c1 -->
