<?xml version="1.0" encoding="UTF-8"?>
<!-- Generated by org.testng.reporters.JUnitReportReporter -->
<testsuite hostname="HP" failures="0" tests="2" name="Grouping.Regression" time="0.008" errors="0" timestamp="2024-07-10T22:42:40 IST" skipped="0">
  <testcase classname="Grouping.Regression" name="loginsales" time="0.007"/>
  <testcase classname="Grouping.Regression" name="loginagent" time="0.001"/>
</testsuite> <!-- Grouping.Regression -->
