<?xml version="1.0" encoding="UTF-8"?>
<!-- Generated by org.testng.reporters.JUnitReportReporter -->
<testsuite hostname="HP" failures="0" tests="3" name="Grouping.login" time="0.011" errors="0" timestamp="2024-07-10T22:47:27 IST" skipped="0">
  <testcase classname="Grouping.login" name="loginemail" time="0.007"/>
  <testcase classname="Grouping.login" name="logincred" time="0.002"/>
  <testcase classname="Grouping.login" name="logingoogle" time="0.002"/>
</testsuite> <!-- Grouping.login -->
