<?xml version="1.0" encoding="UTF-8"?>
<!-- Generated by org.testng.reporters.JUnitReportReporter -->
<testsuite hostname="HP" failures="0" tests="1" name="Assertions.Assertion_verify" time="0.013" errors="0" timestamp="2024-07-10T20:12:46 IST" skipped="0">
  <testcase classname="Assertions.Assertion_verify" name="assertequality" time="0.013"/>
</testsuite> <!-- Assertions.Assertion_verify -->
