<?xml version="1.0" encoding="UTF-8"?>
<!-- Generated by org.testng.reporters.JUnitReportReporter -->
<testsuite hostname="HP" failures="0" tests="3" name="TestNG.TestNg_program" time="5.313" errors="0" timestamp="2024-07-10T14:19:05 IST" skipped="0">
  <testcase classname="TestNG.TestNg_program" name="openapp" time="3.018"/>
  <testcase classname="TestNG.TestNg_program" name="checklogo" time="0.965"/>
  <testcase classname="TestNG.TestNg_program" name="login" time="1.330"/>
</testsuite> <!-- TestNG.TestNg_program -->
