<?xml version="1.0" encoding="UTF-8"?>
<!-- Generated by org.testng.reporters.JUnitReportReporter -->
<testsuite hostname="HP" failures="0" tests="3" name="TestNG.First_Basic_Program" time="0.010" errors="0" timestamp="2024-07-10T13:43:43 IST" skipped="0">
  <testcase classname="TestNG.First_Basic_Program" name="closingapp" time="0.006"/>
  <testcase classname="TestNG.First_Basic_Program" name="openapp" time="0.002"/>
  <testcase classname="TestNG.First_Basic_Program" name="loggingapp" time="0.002"/>
</testsuite> <!-- TestNG.First_Basic_Program -->
