<?xml version="1.0" encoding="UTF-8"?>
<!-- Generated by org.testng.reporters.JUnitReportReporter -->
<testsuite hostname="HP" failures="0" tests="1" name="methods.c2" time="0.002" errors="0" timestamp="2024-07-10T18:23:17 IST" skipped="0">
  <testcase classname="methods.c2" name="test2" time="0.002"/>
</testsuite> <!-- methods.c2 -->
